E:\TASK3\T3\DEBUG\T3.EXE
E:\TASK3\T3\DEBUG\T3.ILK
E:\TASK3\T3\DEBUG\T3.PDB
E:\task3\t3\t3\Debug\cl.command.1.tlog
E:\task3\t3\t3\Debug\CL.read.1.tlog
E:\task3\t3\t3\Debug\CL.write.1.tlog
E:\task3\t3\t3\Debug\link.2704.read.1.tlog
E:\task3\t3\t3\Debug\link.2704.write.1.tlog
E:\task3\t3\t3\Debug\link.2704-cvtres.read.1.tlog
E:\task3\t3\t3\Debug\link.2704-cvtres.write.1.tlog
E:\task3\t3\t3\Debug\link.command.1.tlog
E:\task3\t3\t3\Debug\link.read.1.tlog
E:\task3\t3\t3\Debug\link.write.1.tlog
E:\task3\t3\t3\Debug\link-cvtres.read.1.tlog
E:\task3\t3\t3\Debug\link-cvtres.write.1.tlog
E:\task3\t3\t3\Debug\mt.command.1.tlog
E:\task3\t3\t3\Debug\mt.read.1.tlog
E:\task3\t3\t3\Debug\mt.write.1.tlog
E:\task3\t3\t3\Debug\rc.command.1.tlog
E:\task3\t3\t3\Debug\rc.read.1.tlog
E:\task3\t3\t3\Debug\rc.write.1.tlog
E:\TASK3\T3\T3\DEBUG\RUNS.OBJ
E:\TASK3\T3\T3\DEBUG\STDAFX.OBJ
E:\TASK3\T3\T3\DEBUG\STR.OBJ
E:\TASK3\T3\T3\DEBUG\T3.EXE.EMBED.MANIFEST
E:\TASK3\T3\T3\DEBUG\T3.EXE.EMBED.MANIFEST.RES
E:\TASK3\T3\T3\DEBUG\T3.EXE.INTERMEDIATE.MANIFEST
E:\TASK3\T3\T3\DEBUG\T3.OBJ
E:\TASK3\T3\T3\DEBUG\T3.PCH
E:\task3\t3\t3\Debug\t3_manifest.rc
E:\TASK3\T3\T3\DEBUG\VALIDATE.OBJ
E:\task3\t3\t3\Debug\vc100.idb
E:\TASK3\T3\T3\DEBUG\VC100.PDB
